[17Dec2024 00:07:42.061] [Server thread/WARN] [net.minecraft.server.network.ServerGamePacketListenerImpl/]: Large Plane (vehicle of RIOTNyx) moved too quickly! -10.783929636518678,-0.35649435841946797,-5.214921690378105
[17Dec2024 00:07:42.079] [Server thread/WARN] [net.minecraft.server.network.ServerGamePacketListenerImpl/]: Large Plane (vehicle of RIOTNyx) moved too quickly! -10.143842662775114,-0.33665152928844577,-4.905047790898607
[17Dec2024 00:07:42.079] [Server thread/WARN] [net.minecraft.server.network.ServerGamePacketListenerImpl/]: Large Plane (vehicle of RIOTNyx) moved too quickly! -9.50324468079225,-0.31581622319490066,-4.59494239430569
[17Dec2024 00:09:59.360] [Server thread/INFO] [net.minecraft.server.network.ServerGamePacketListenerImpl/]: ArazibeMoney50_ lost connection: Disconnected
[17Dec2024 00:09:59.360] [Server thread/INFO] [net.minecraft.server.MinecraftServer/]: ArazibeMoney50_ left the game
[17Dec2024 00:09:59.959] [ForkJoinPool.commonPool-worker-55/INFO] [net.minecraft.server.MinecraftServer/]: <ClinicaSanPablo> ve llendo tu justo tengo que hacer algo
[17Dec2024 00:10:04.959] [Server thread/INFO] [net.minecraft.server.network.ServerGamePacketListenerImpl/]: Dreoufther lost connection: Disconnected
[17Dec2024 00:10:04.959] [Server thread/INFO] [net.minecraft.server.MinecraftServer/]: Dreoufther left the game
[17Dec2024 00:10:10.455] [Server thread/INFO] [net.minecraft.server.network.ServerGamePacketListenerImpl/]: ClinicaSanPablo lost connection: Disconnected
[17Dec2024 00:10:10.456] [Server thread/INFO] [net.minecraft.server.MinecraftServer/]: ClinicaSanPablo left the game
[17Dec2024 00:10:38.739] [Server thread/INFO] [net.minecraft.server.MinecraftServer/]: RIOTNyx has made the advancement [Voluntary Exile]
[17Dec2024 00:11:17.206] [Server thread/INFO] [net.minecraft.server.MinecraftServer/]: RIOTNyx has made the advancement [Ol' Betsy]
[17Dec2024 00:14:08.906] [Server thread/INFO] [net.minecraft.server.MinecraftServer/]: RIOTNyx has made the advancement [Take Aim]
[17Dec2024 00:25:29.656] [Server thread/INFO] [net.minecraft.server.network.ServerLoginPacketListenerImpl/]: com.mojang.authlib.GameProfile@2d65475a[id=<null>,name=ClinicaSanPablo,properties={},legacy=false] (/127.26.29.228:34407) lost connection: Disconnected
[17Dec2024 00:25:37.918] [Server thread/INFO] [net.minecraft.server.players.PlayerList/]: ClinicaSanPablo[/127.26.29.228:43927] logged in with entity id 202755 at (4374.216275584128, 85.0, -3884.6603159319347)
[17Dec2024 00:25:37.921] [Server thread/INFO] [net.minecraft.server.MinecraftServer/]: ClinicaSanPablo joined the game
[17Dec2024 00:26:34.760] [ForkJoinPool.commonPool-worker-56/INFO] [net.minecraft.server.MinecraftServer/]: <ClinicaSanPablo> asi q no spawnean o q
[17Dec2024 00:26:45.911] [ForkJoinPool.commonPool-worker-56/INFO] [net.minecraft.server.MinecraftServer/]: <RIOTNyx> ya lo tengo al 5
[17Dec2024 00:26:48.493] [ForkJoinPool.commonPool-worker-56/INFO] [net.minecraft.server.MinecraftServer/]: <ClinicaSanPablo> a
[17Dec2024 00:26:50.976] [ForkJoinPool.commonPool-worker-56/INFO] [net.minecraft.server.MinecraftServer/]: <ClinicaSanPablo> voy
[17Dec2024 00:26:55.056] [ForkJoinPool.commonPool-worker-56/INFO] [net.minecraft.server.MinecraftServer/]: <RIOTNyx> vamos a call?
[17Dec2024 00:27:00.060] [ForkJoinPool.commonPool-worker-56/INFO] [net.minecraft.server.MinecraftServer/]: <ClinicaSanPablo> ando con unos amigos xd
[17Dec2024 00:27:10.510] [ForkJoinPool.commonPool-worker-56/INFO] [net.minecraft.server.MinecraftServer/]: <ClinicaSanPablo> quieren que juegue counter con ellos asi q estoy aca mientras estoy en conter
[17Dec2024 00:27:45.910] [Server thread/INFO] [com.teampotato.redirector.Redirector/]: Redirecting net/minecraft/world/entity/raid/Raid$RaiderType
[17Dec2024 00:27:45.912] [Server thread/INFO] [com.teampotato.redirector.Redirector/]: Redirecting net/minecraft/world/entity/raid/Raid$RaidStatus
[17Dec2024 00:27:49.956] [ForkJoinPool.commonPool-worker-56/INFO] [net.minecraft.server.MinecraftServer/]: <ClinicaSanPablo> a
[17Dec2024 00:28:01.959] [ForkJoinPool.commonPool-worker-56/INFO] [net.minecraft.server.MinecraftServer/]: <RIOTNyx> xddd
[17Dec2024 00:28:04.626] [ForkJoinPool.commonPool-worker-56/INFO] [net.minecraft.server.MinecraftServer/]: <ClinicaSanPablo> sera
